This file contains any messages produced by compilers while
running configure, to aid debugging if configure makes a mistake.

It was created by FULL-PACKAGE-NAME configure VERSION, which was
generated by GNU Autoconf 2.57.  Invocation command line was

  $ ./configure 

## --------- ##
## Platform. ##
## --------- ##

hostname = cyc
uname -m = i686
uname -r = 2.4.20-8
uname -s = Linux
uname -v = #1 Thu Mar 13 17:54:28 EST 2003

/usr/bin/uname -p = unknown
/bin/uname -X     = unknown

/bin/arch              = i686
/usr/bin/arch -k       = unknown
/usr/convex/getsysinfo = unknown
hostinfo               = unknown
/bin/machine           = unknown
/usr/bin/oslevel       = unknown
/bin/universe          = unknown

PATH: /root/tmake-1.11/bin
PATH: /usr/local/bin
PATH: /bin
PATH: /usr/bin
PATH: /usr/X11R6/bin
PATH: /usr/local/arm-linux/bin
PATH: /sbin
PATH: /usr/sbin
PATH: /usr/local/sbin
PATH: /usr/local/arm-linux/bin
PATH: /sbin
PATH: /usr/sbin
PATH: /usr/local/sbin
PATH: /usr/local/arm-linux/bin
PATH: /sbin
PATH: /usr/sbin
PATH: /usr/local/sbin


## ----------- ##
## Core tests. ##
## ----------- ##

configure:1320: checking for gcc
configure:1336: found /usr/bin/gcc
configure:1346: result: gcc
configure:1590: checking for C compiler version
configure:1593: gcc --version </dev/null >&5
gcc (GCC) 3.2.2 20030222 (Red Hat Linux 3.2.2-5)
Copyright (C) 2002 Free Software Foundation, Inc.
This is free software; see the source for copying conditions.  There is NO
warranty; not even for MERCHANTABILITY or FITNESS FOR A PARTICULAR PURPOSE.

configure:1596: $? = 0
configure:1598: gcc -v </dev/null >&5
Reading specs from /usr/lib/gcc-lib/i386-redhat-linux/3.2.2/specs
Configured with: ../configure --prefix=/usr --mandir=/usr/share/man --infodir=/usr/share/info --enable-shared --enable-threads=posix --disable-checking --with-system-zlib --enable-__cxa_atexit --host=i386-redhat-linux
Thread model: posix
gcc version 3.2.2 20030222 (Red Hat Linux 3.2.2-5)
configure:1601: $? = 0
configure:1603: gcc -V </dev/null >&5
gcc: argument to `-V' is missing
configure:1606: $? = 1
configure:1630: checking for C compiler default output
configure:1633: gcc    conftest.c  >&5
configure:1636: $? = 0
configure:1682: result: a.out
configure:1687: checking whether the C compiler works
configure:1693: ./a.out
configure:1696: $? = 0
configure:1713: result: yes
configure:1720: checking whether we are cross compiling
configure:1722: result: no
configure:1725: checking for suffix of executables
configure:1727: gcc -o conftest    conftest.c  >&5
configure:1730: $? = 0
configure:1755: result: 
configure:1761: checking for suffix of object files
configure:1783: gcc -c   conftest.c >&5
configure:1786: $? = 0
configure:1808: result: o
configure:1812: checking whether we are using the GNU C compiler
configure:1837: gcc -c   conftest.c >&5
configure:1840: $? = 0
configure:1843: test -s conftest.o
configure:1846: $? = 0
configure:1859: result: yes
configure:1865: checking whether gcc accepts -g
configure:1887: gcc -c -g  conftest.c >&5
configure:1890: $? = 0
configure:1893: test -s conftest.o
configure:1896: $? = 0
configure:1907: result: yes
configure:1924: checking for gcc option to accept ANSI C
configure:1985: gcc  -c -g -O2  conftest.c >&5
configure:1988: $? = 0
configure:1991: test -s conftest.o
configure:1994: $? = 0
configure:2012: result: none needed
configure:2030: gcc -c -g -O2  conftest.c >&5
conftest.c:2: parse error before "me"
configure:2033: $? = 1
configure: failed program was:
| #ifndef __cplusplus
|   choke me
| #endif
configure:2152: checking how to run the C preprocessor
configure:2188: gcc -E  conftest.c
configure:2194: $? = 0
configure:2226: gcc -E  conftest.c
configure:2225:28: ac_nonexistent.h: No such file or directory
configure:2232: $? = 1
configure: failed program was:
| #line 2217 "configure"
| /* confdefs.h.  */
| 
| #define PACKAGE_NAME "FULL-PACKAGE-NAME"
| #define PACKAGE_TARNAME "full-package-name"
| #define PACKAGE_VERSION "VERSION"
| #define PACKAGE_STRING "FULL-PACKAGE-NAME VERSION"
| #define PACKAGE_BUGREPORT "BUG-REPORT-ADDRESS"
| /* end confdefs.h.  */
| #include <ac_nonexistent.h>
configure:2270: result: gcc -E
configure:2295: gcc -E  conftest.c
configure:2301: $? = 0
configure:2333: gcc -E  conftest.c
configure:2332:28: ac_nonexistent.h: No such file or directory
configure:2339: $? = 1
configure: failed program was:
| #line 2324 "configure"
| /* confdefs.h.  */
| 
| #define PACKAGE_NAME "FULL-PACKAGE-NAME"
| #define PACKAGE_TARNAME "full-package-name"
| #define PACKAGE_VERSION "VERSION"
| #define PACKAGE_STRING "FULL-PACKAGE-NAME VERSION"
| #define PACKAGE_BUGREPORT "BUG-REPORT-ADDRESS"
| /* end confdefs.h.  */
| #include <ac_nonexistent.h>
configure:2382: checking for egrep
configure:2392: result: grep -E
configure:2397: checking for ANSI C header files
configure:2423: gcc -c -g -O2  conftest.c >&5
configure:2426: $? = 0
configure:2429: test -s conftest.o
configure:2432: $? = 0
configure:2521: gcc -o conftest -g -O2   conftest.c  >&5
configure:2524: $? = 0
configure:2526: ./conftest
configure:2529: $? = 0
configure:2544: result: yes
configure:2568: checking for sys/types.h
configure:2585: gcc -c -g -O2  conftest.c >&5
configure:2588: $? = 0
configure:2591: test -s conftest.o
configure:2594: $? = 0
configure:2605: result: yes
configure:2568: checking for sys/stat.h
configure:2585: gcc -c -g -O2  conftest.c >&5
configure:2588: $? = 0
configure:2591: test -s conftest.o
configure:2594: $? = 0
configure:2605: result: yes
configure:2568: checking for stdlib.h
configure:2585: gcc -c -g -O2  conftest.c >&5
configure:2588: $? = 0
configure:2591: test -s conftest.o
configure:2594: $? = 0
configure:2605: result: yes
configure:2568: checking for string.h
configure:2585: gcc -c -g -O2  conftest.c >&5
configure:2588: $? = 0
configure:2591: test -s conftest.o
configure:2594: $? = 0
configure:2605: result: yes
configure:2568: checking for memory.h
configure:2585: gcc -c -g -O2  conftest.c >&5
configure:2588: $? = 0
configure:2591: test -s conftest.o
configure:2594: $? = 0
configure:2605: result: yes
configure:2568: checking for strings.h
configure:2585: gcc -c -g -O2  conftest.c >&5
configure:2588: $? = 0
configure:2591: test -s conftest.o
configure:2594: $? = 0
configure:2605: result: yes
configure:2568: checking for inttypes.h
configure:2585: gcc -c -g -O2  conftest.c >&5
configure:2588: $? = 0
configure:2591: test -s conftest.o
configure:2594: $? = 0
configure:2605: result: yes
configure:2568: checking for stdint.h
configure:2585: gcc -c -g -O2  conftest.c >&5
configure:2588: $? = 0
configure:2591: test -s conftest.o
configure:2594: $? = 0
configure:2605: result: yes
configure:2568: checking for unistd.h
configure:2585: gcc -c -g -O2  conftest.c >&5
configure:2588: $? = 0
configure:2591: test -s conftest.o
configure:2594: $? = 0
configure:2605: result: yes
configure:2622: checking for stdlib.h
configure:2627: result: yes
configure:2858: creating ./config.status

## ---------------------- ##
## Running config.status. ##
## ---------------------- ##

This file was extended by FULL-PACKAGE-NAME config.status VERSION, which was
generated by GNU Autoconf 2.57.  Invocation command line was

  CONFIG_FILES    = 
  CONFIG_HEADERS  = 
  CONFIG_LINKS    = 
  CONFIG_COMMANDS = 
  $ ./config.status 

on cyc

config.status:453: creating config.h
config.status:556: config.h is unchanged

## ---------------- ##
## Cache variables. ##
## ---------------- ##

ac_cv_c_compiler_gnu=yes
ac_cv_env_CC_set=
ac_cv_env_CC_value=
ac_cv_env_CFLAGS_set=
ac_cv_env_CFLAGS_value=
ac_cv_env_CPPFLAGS_set=
ac_cv_env_CPPFLAGS_value=
ac_cv_env_CPP_set=
ac_cv_env_CPP_value=
ac_cv_env_LDFLAGS_set=
ac_cv_env_LDFLAGS_value=
ac_cv_env_build_alias_set=
ac_cv_env_build_alias_value=
ac_cv_env_host_alias_set=
ac_cv_env_host_alias_value=
ac_cv_env_target_alias_set=
ac_cv_env_target_alias_value=
ac_cv_exeext=
ac_cv_header_inttypes_h=yes
ac_cv_header_memory_h=yes
ac_cv_header_stdc=yes
ac_cv_header_stdint_h=yes
ac_cv_header_stdlib_h=yes
ac_cv_header_string_h=yes
ac_cv_header_strings_h=yes
ac_cv_header_sys_stat_h=yes
ac_cv_header_sys_types_h=yes
ac_cv_header_unistd_h=yes
ac_cv_objext=o
ac_cv_prog_CPP='gcc -E'
ac_cv_prog_ac_ct_CC=gcc
ac_cv_prog_cc_g=yes
ac_cv_prog_cc_stdc=
ac_cv_prog_egrep='grep -E'

## ----------------- ##
## Output variables. ##
## ----------------- ##

CC='gcc'
CFLAGS='-g -O2'
CPP='gcc -E'
CPPFLAGS=''
DEFS='-DHAVE_CONFIG_H'
ECHO_C=''
ECHO_N='-n'
ECHO_T=''
EGREP='grep -E'
EXEEXT=''
LDFLAGS=''
LIBOBJS=''
LIBS=''
LTLIBOBJS=''
OBJEXT='o'
PACKAGE_BUGREPORT='BUG-REPORT-ADDRESS'
PACKAGE_NAME='FULL-PACKAGE-NAME'
PACKAGE_STRING='FULL-PACKAGE-NAME VERSION'
PACKAGE_TARNAME='full-package-name'
PACKAGE_VERSION='VERSION'
PATH_SEPARATOR=':'
SHELL='/bin/sh'
ac_ct_CC='gcc'
bindir='${exec_prefix}/bin'
build_alias=''
datadir='${prefix}/share'
exec_prefix='${prefix}'
host_alias=''
includedir='${prefix}/include'
infodir='${prefix}/info'
libdir='${exec_prefix}/lib'
libexecdir='${exec_prefix}/libexec'
localstatedir='${prefix}/var'
mandir='${prefix}/man'
oldincludedir='/usr/include'
prefix='/usr/local'
program_transform_name='s,x,x,'
sbindir='${exec_prefix}/sbin'
sharedstatedir='${prefix}/com'
sysconfdir='${prefix}/etc'
target_alias=''

## ----------- ##
## confdefs.h. ##
## ----------- ##

#define HAVE_INTTYPES_H 1
#define HAVE_MEMORY_H 1
#define HAVE_STDINT_H 1
#define HAVE_STDLIB_H 1
#define HAVE_STDLIB_H 1
#define HAVE_STRINGS_H 1
#define HAVE_STRING_H 1
#define HAVE_SYS_STAT_H 1
#define HAVE_SYS_TYPES_H 1
#define HAVE_UNISTD_H 1
#define PACKAGE_BUGREPORT "BUG-REPORT-ADDRESS"
#define PACKAGE_NAME "FULL-PACKAGE-NAME"
#define PACKAGE_STRING "FULL-PACKAGE-NAME VERSION"
#define PACKAGE_TARNAME "full-package-name"
#define PACKAGE_VERSION "VERSION"
#define STDC_HEADERS 1

configure: exit 0
